后端服务监听端口 3001
数据库连接成功
数据库连接测试成功
用户连接 r5nqJYxLwWbOaVw1AAAC
用户连接 FVo6t7kQj_PoeojHAAAD
用户断开 r5nqJYxLwWbOaVw1AAAC
用户连接 WgwKk5CuWWPhMBDmAAAF
用户断开 WgwKk5CuWWPhMBDmAAAF
用户连接 gveX_ftTqoXpKC1DAAAH
用户连接 9WW467SMRDEe2S2SAAAJ
用户连接 t0ljjzmi6eQYgQN5AAAL
用户断开 t0ljjzmi6eQYgQN5AAAL
用户断开 9WW467SMRDEe2S2SAAAJ
用户连接 40r6c8hlewmHCQZfAAAN
用户断开 gveX_ftTqoXpKC1DAAAH
用户断开 FVo6t7kQj_PoeojHAAAD
用户连接 hkPx_Iq5Qsx15xExAAAP
用户连接 yWlIYuzqJjEGwCNZAAAR
用户断开 hkPx_Iq5Qsx15xExAAAP
用户断开 40r6c8hlewmHCQZfAAAN
用户连接 ORMXpQnr-R58_t3kAAAT
用户连接 ISo29UHoYjSMfWfjAAAV
用户断开 ISo29UHoYjSMfWfjAAAV
用户断开 yWlIYuzqJjEGwCNZAAAR
用户断开 ORMXpQnr-R58_t3kAAAT
用户连接 V83y1cpefSpzvdRDAAAX
用户断开 V83y1cpefSpzvdRDAAAX
用户连接 jsQtzlMinPWBkmmWAAAZ
用户断开 jsQtzlMinPWBkmmWAAAZ
用户连接 9ApE0GI-Ae_SSIUAAAAb
用户连接 AOQw8lI2i0m6Lo4pAAAd
用户断开 AOQw8lI2i0m6Lo4pAAAd
用户连接 KVn7qucF73Hf1ROlAAAf
用户断开 KVn7qucF73Hf1ROlAAAf
用户断开 9ApE0GI-Ae_SSIUAAAAb
用户连接 33LwGy_JD-kcXrDcAAAh
用户断开 33LwGy_JD-kcXrDcAAAh
用户连接 vlmhjz6JEDbKvlDNAAAj
用户断开 vlmhjz6JEDbKvlDNAAAj
用户连接 tHYy_2OxGeJp6ZNEAAAl
用户断开 tHYy_2OxGeJp6ZNEAAAl
用户连接 -We4Pi4B7m4mvIelAAAn
用户断开 -We4Pi4B7m4mvIelAAAn
用户连接 S7znErKX6CCNrZ7UAAAp
用户断开 S7znErKX6CCNrZ7UAAAp
用户连接 Cg2lbPcGbQQGHxacAAAr
用户断开 Cg2lbPcGbQQGHxacAAAr
用户连接 fMakQ77-VJ2B-L7bAAAt
用户断开 fMakQ77-VJ2B-L7bAAAt
用户连接 4WMao3LPvhfDWykcAAAv
用户断开 4WMao3LPvhfDWykcAAAv
用户连接 G21PFS5LzCT6g5_wAAAx
用户断开 G21PFS5LzCT6g5_wAAAx
用户连接 SotgywUreXCbJZQyAAAz
用户断开 SotgywUreXCbJZQyAAAz
用户连接 hkwFjPIcEZK_Ys5kAAA1
用户断开 hkwFjPIcEZK_Ys5kAAA1
用户连接 nX2_3foMbfKdBFWOAAA3
用户断开 nX2_3foMbfKdBFWOAAA3
用户连接 CPSpiMrxvWSzSnZAAAA6
用户断开 CPSpiMrxvWSzSnZAAAA6
用户连接 eVk7x6FVixFOdm89AAA8
用户断开 eVk7x6FVixFOdm89AAA8
用户连接 37bIpg2Xj1a_M40QAAA-
用户断开 37bIpg2Xj1a_M40QAAA-
用户连接 0V8olcuWaKfgggfMAABA
用户断开 0V8olcuWaKfgggfMAABA
用户连接 Cy7IpigxxqWZ43Z8AABC
用户断开 Cy7IpigxxqWZ43Z8AABC
